


                                                                                 Page 01


              Group 7, Final Project Program 4
Trans Code   Trans Amount   Payment Type   Store #   Invoice #          SKU Code   Tax $
         R     $    24.99             CR         1   BD-500102   FLW8H4FW8H4FWF4    3.25
         R     $    24.99             CR         1   BC-200102   FLW8H4FW8H4FWF4    3.25
         R     $    29.99             DB         1   EB-230107   WI8HRW8H43FJSHF    3.90
         R     $    89.99             CR         1   EA-260110   WI8HRW8H43FJSHF   11.70
         R     $    24.99             CR         2   AE-390102   FLW8H4FW8H4FWF4    3.25
         R     $    29.99             CA         2   CE-510035   SDFSKJ84MS09123    3.90
         R     $    20.00             CA         2   EA-560215   SDFSKJ84MS09123    2.60
         R     $    24.99             CR         2   AE-630202   FLW8H4FW8H4FWF4    3.25
         R     $   124.99             CR         2   CD-740322   F4WO8JFO8W4JFW8   16.25
         R     $    89.99             CR         4   BE-101510   WI8HRW8H43FJSHF   11.70
         R     $    20.00             CA         4   DC-107515   SDFSKJ84MS09123    2.60
         R     $    24.99             CR         5   DC-114502   FLW8H4FW8H4FWF4    3.25
         R     $    29.99             CA        12   EC-126635   SDFSKJ84MS09123    3.90
         R     $    24.99             CR        12   AC-130612   ASEDRFT987KIMYT    3.25
         R     $    24.99             CR        12   CB-138602   FLW8H4FW8H4FWF4    3.25

# Of Returns:         Return Amount Total
        15                 $    609.87

Returns:      STORE 01     STORE 02     STORE 03     STORE 04     STORE 05     STORE 12
           $    169.96  $    224.96  $      0.00  $    109.99  $     24.99  $     79.97

Total Taxes Owed: $    79.30